<?xml version="1.0" encoding="UTF-8"?>
<!-- Generated by org.testng.reporters.JUnitReportReporter -->
<testsuite hostname="LAPTOP-5O4IFDML" failures="0" tests="1" name="org.testvagrant.ImdbAndWikiPagesValidation" time="15.300" errors="0" timestamp="2022-11-15T19:03:11 IST" skipped="0">
  <testcase classname="org.testvagrant.ImdbAndWikiPagesValidation" name="ValidationOfImdbAndWikiPage" time="15.300"/>
  <system-out/>
</testsuite> <!-- org.testvagrant.ImdbAndWikiPagesValidation -->
